<?xml version="1.0" encoding="UTF-8"?>
<!-- Generated by org.testng.reporters.JUnitReportReporter -->
<testsuite skipped="0" hostname="Dinesh" name="Script.Customise_Product_Size" tests="1" failures="0" timestamp="25 Jun 2018 11:30:29 GMT" time="37.253" errors="0">
  <testcase name="Test" time="37.253" classname="Script.Customise_Product_Size"/>
</testsuite> <!-- Script.Customise_Product_Size -->
