<?xml version="1.0" encoding="UTF-8"?>
<!-- Generated by org.testng.reporters.JUnitReportReporter -->
<testsuite skipped="0" hostname="Dinesh" name="Script.ChangeCountryAddProduct" tests="1" failures="0" timestamp="25 Jun 2018 11:30:29 GMT" time="38.635" errors="0">
  <testcase name="Test" time="38.635" classname="Script.ChangeCountryAddProduct"/>
</testsuite> <!-- Script.ChangeCountryAddProduct -->
