<?xml version="1.0" encoding="UTF-8"?>
<!-- Generated by org.testng.reporters.JUnitReportReporter -->
<testsuite skipped="0" hostname="Dinesh" name="Script.ProductTOCart" tests="1" failures="0" timestamp="25 Jun 2018 11:30:29 GMT" time="36.044" errors="0">
  <testcase name="Test" time="36.044" classname="Script.ProductTOCart"/>
</testsuite> <!-- Script.ProductTOCart -->
