<?xml version="1.0" encoding="UTF-8"?>
<!-- Generated by org.testng.reporters.JUnitReportReporter -->
<testsuite skipped="0" hostname="Dinesh" name="Script.Customize_Product_Style" tests="1" failures="0" timestamp="25 Jun 2018 11:30:29 GMT" time="40.960" errors="0">
  <testcase name="test" time="40.960" classname="Script.Customize_Product_Style"/>
</testsuite> <!-- Script.Customize_Product_Style -->
